<?xml version="1.0" encoding="UTF-8"?>
<!-- Generated by org.testng.reporters.JUnitReportReporter -->
<testsuite hostname="mahesh" name="com.hrms.TestScripts.TC_001" tests="1" failures="0" timestamp="10 Feb 2019 09:42:01 GMT" time="111.975" errors="0">
  <testcase name="allMethods" time="111.975" classname="com.hrms.TestScripts.TC_001"/>
</testsuite> <!-- com.hrms.TestScripts.TC_001 -->
