<?xml version="1.0" encoding="UTF-8"?>
<!-- Generated by org.testng.reporters.JUnitReportReporter -->
<testsuite hostname="mahesh" name="com.hrms.TestScripts.GroupExceution" tests="7" failures="0" timestamp="10 Feb 2019 09:54:22 GMT" time="0.083" errors="0">
  <testcase name="createUserFour" time="0.004" classname="com.hrms.TestScripts.GroupExceution"/>
  <testcase name="createUserNine" time="0.006" classname="com.hrms.TestScripts.GroupExceution"/>
  <testcase name="createUserOne" time="0.005" classname="com.hrms.TestScripts.GroupExceution"/>
  <testcase name="createUserTwo" time="0.008" classname="com.hrms.TestScripts.GroupExceution"/>
  <testcase name="createUserEight" time="0.033" classname="com.hrms.TestScripts.GroupExceution"/>
  <testcase name="createUserSeven" time="0.004" classname="com.hrms.TestScripts.GroupExceution"/>
  <testcase name="createUserSix" time="0.023" classname="com.hrms.TestScripts.GroupExceution"/>
</testsuite> <!-- com.hrms.TestScripts.GroupExceution -->
