<?xml version="1.0" encoding="UTF-8"?>
<!-- Generated by org.testng.reporters.JUnitReportReporter -->
<testsuite hostname="mahesh" name="com.hrms.TestScripts.TC_002" tests="1" failures="0" timestamp="10 Feb 2019 06:37:03 GMT" time="36.591" errors="0">
  <testcase name="functions" time="36.591" classname="com.hrms.TestScripts.TC_002"/>
</testsuite> <!-- com.hrms.TestScripts.TC_002 -->
