<?xml version="1.0" encoding="UTF-8"?>
<!-- Generated by org.testng.reporters.JUnitReportReporter -->
<testsuite hostname="mahesh" name="com.hrms.TestScripts.TC_001" tests="1" failures="0" timestamp="11 Feb 2019 09:57:21 GMT" time="53.782" errors="0">
  <testcase name="allMethods" time="53.782" classname="com.hrms.TestScripts.TC_001"/>
</testsuite> <!-- com.hrms.TestScripts.TC_001 -->
